ISA02
ISA2+fence.rw.rw+addr+ctrlfencei
ISA2+fence.rw.rw+ctrl+ctrlfencei
ISA2+fence.rw.rw+ctrlfencei+ctrlfencei
ISA2+fence.rw.rw+data+ctrlfencei
ISA2+fence.rw.rw+fence.r.rw+ctrlfencei
ISA2+fence.rw.rw+fence.rw.rw+ctrlfencei
ISA2+fence.rw.rw+fence.rw.w+ctrlfencei
ISA2+fence.rw.w+addr+ctrlfencei
ISA2+fence.rw.w+ctrl+ctrlfencei
ISA2+fence.rw.w+ctrlfencei+ctrlfencei
ISA2+fence.rw.w+data+ctrlfencei
ISA2+fence.rw.w+fence.r.rw+ctrlfencei
ISA2+fence.rw.w+fence.rw.rw+ctrlfencei
ISA2+fence.rw.w+fence.rw.w+ctrlfencei
ISA2+fence.w.w+addr+ctrlfencei
ISA2+fence.w.w+ctrl+ctrlfencei
ISA2+fence.w.w+ctrlfencei+ctrlfencei
ISA2+fence.w.w+data+ctrlfencei
ISA2+fence.w.w+fence.r.rw+ctrlfencei
ISA2+fence.w.w+fence.rw.rw+ctrlfencei
ISA2+fence.w.w+fence.rw.w+ctrlfencei
LB+ctrl+po
LB+ctrlfencei+po
LB+data+po
LB+fence.i+addr
LB+fence.i+ctrl
LB+fence.i+ctrlfencei
LB+fence.i+data
LB+fence.i+fence.r.rw
LB+fence.i+fence.rw.rw
LB+fence.i+fence.rw.w
LB+fence.is
LB+fence.r.rw+data-po
LB+fence.r.rw+fence.w.w
LB+fence.r.rw+po
LB+fence.rw.rw+po
LB+fence.rw.w+po
LB+fence.w.w+addr
LB+fence.w.w+ctrl
LB+fence.w.w+ctrlfencei
LB+fence.w.w+data
LB+fence.w.w+fence.rw.rw
LB+fence.w.w+fence.rw.w
LB+fence.w.ws
LB+po+poaqp+NEW
LB+po+poprl+NEW
LB
MP+fence.i+addr
MP+fence.i+ctrlfencei
MP+fence.i+fence.r.rw
MP+fence.i+fence.rw.rw
MP+fence.r.rw+addr
MP+fence.r.rw+ctrlfencei
MP+fence.r.rw+fence.rw.rw
MP+fence.r.rws
MP+fence.rw.rw+addr-fri-rfi-addr
MP+fence.rw.rw+addr-fri-rfi-ctrl
MP+fence.rw.rw+addr-rfi-ctrlfencei
MP+fence.rw.rw+ctrl-cleaninit
MP+fence.rw.rw+ctrl-fri-rfi-addr
MP+fence.rw.rw+ctrl-fri-rfi-ctrl
MP+fence.rw.rw+ctrl-rfi-addr
MP+fence.rw.rw+ctrl-rfi-ctrlfencei
MP+fence.rw.rw+ctrl
MP+fence.rw.rw+ctrlfence.w.r
MP+fence.rw.rw+ctrlfencei-rfi-addr
MP+fence.rw.rw+ctrlfencei-rfi-ctrlfencei
MP+fence.rw.rw+ctrlfencei
MP+fence.rw.rw+data-rfi-ctrlfencei
MP+fence.rw.rw+fence.i
MP+fence.rw.rw+fence.rw.w
MP+fence.rw.rw+fence.w.w
MP+fence.rw.rw+po
MP+fence.rw.w+addr-rfi-ctrlfencei
MP+fence.rw.w+ctrl-rfi-addr
MP+fence.rw.w+ctrl-rfi-ctrlfencei
MP+fence.rw.w+ctrl
MP+fence.rw.w+ctrlfencei-rfi-addr
MP+fence.rw.w+ctrlfencei-rfi-ctrlfencei
MP+fence.rw.w+ctrlfencei
MP+fence.rw.w+data-rfi-ctrlfencei
MP+fence.rw.w+fence.i
MP+fence.rw.w+fence.w.w
MP+fence.rw.w+po
MP+fence.rw.ws
MP+fence.w.w+addr-fence.i
MP+fence.w.w+addr-rfi-ctrlfencei
MP+fence.w.w+ctrl-rfi-addr
MP+fence.w.w+ctrl-rfi-ctrlfencei
MP+fence.w.w+ctrl
MP+fence.w.w+ctrlfencei-rfi-addr
MP+fence.w.w+ctrlfencei-rfi-ctrlfencei
MP+fence.w.w+ctrlfencei
MP+fence.w.w+data-fence.i
MP+fence.w.w+data-rfi-ctrlfencei
MP+fence.w.w+fence.i
MP+fence.w.w+fence.rw.w
MP+fence.w.w+fri-rfi-addr
MP+fence.w.w+po
MP+fence.w.ws
MP+po+ctrl
MP+po+ctrlfencei
MP+po+fence.r.rw
MP+po+fence.rw.rw
MP+po+poaqaq+NEW
MP+po+poaqp+NEW
MP+po+popaq+NEW
MP+poprl+po+NEW
MP+porlp+po+NEW
MP+porlrl+po+NEW
MP+rfi-addr+addr-rfi-addr
MP+rfi-addr+addr-rfi-ctrlfencei
MP+rfi-addr+addr
MP+rfi-addr+ctrl-rfi-addr
MP+rfi-addr+ctrl-rfi-ctrlfencei
MP+rfi-addr+ctrlfencei-rfi-addr
MP+rfi-addr+ctrlfencei-rfi-ctrlfencei
MP+rfi-addr+ctrlfencei
MP+rfi-addr+data-rfi-addr
MP+rfi-addr+data-rfi-ctrlfencei
MP+rfi-addr+fence.r.rw
MP+rfi-addr+fence.rw.rw
MP+rfi-ctrl+addr-rfi-addr
MP+rfi-ctrl+addr-rfi-ctrlfencei
MP+rfi-ctrl+addr
MP+rfi-ctrl+ctrl-rfi-addr
MP+rfi-ctrl+ctrl-rfi-ctrlfencei
MP+rfi-ctrl+ctrlfencei-rfi-addr
MP+rfi-ctrl+ctrlfencei-rfi-ctrlfencei
MP+rfi-ctrl+ctrlfencei
MP+rfi-ctrl+data-rfi-addr
MP+rfi-ctrl+data-rfi-ctrlfencei
MP+rfi-ctrl+fence.r.rw
MP+rfi-ctrl+fence.rw.rw
MP+rfi-ctrlfencei+addr-rfi-addr
MP+rfi-ctrlfencei+addr-rfi-ctrlfencei
MP+rfi-ctrlfencei+addr
MP+rfi-ctrlfencei+ctrl-rfi-addr
MP+rfi-ctrlfencei+ctrl-rfi-ctrlfencei
MP+rfi-ctrlfencei+ctrlfencei-rfi-addr
MP+rfi-ctrlfencei+ctrlfencei-rfi-ctrlfencei
MP+rfi-ctrlfencei+ctrlfencei
MP+rfi-ctrlfencei+data-rfi-addr
MP+rfi-ctrlfencei+data-rfi-ctrlfencei
MP+rfi-ctrlfencei+fence.r.rw
MP+rfi-ctrlfencei+fence.rw.rw
MP+rfi-data+addr-rfi-addr
MP+rfi-data+addr-rfi-ctrlfencei
MP+rfi-data+addr
MP+rfi-data+ctrl-rfi-addr
MP+rfi-data+ctrl-rfi-ctrlfencei
MP+rfi-data+ctrlfencei-rfi-addr
MP+rfi-data+ctrlfencei-rfi-ctrlfencei
MP+rfi-data+ctrlfencei
MP+rfi-data+data-rfi-addr
MP+rfi-data+data-rfi-ctrlfencei
MP+rfi-data+fence.r.rw
MP+rfi-data+fence.rw.rw
MP
RSW
RWC+ctrlfencei+fence.rw.rw
SB+fence.i+fence.rw.rw
SB+fence.is
SB+fence.r.rw+fence.rw.rw
SB+fence.r.rws
SB+fence.rw.rw+po-addr
SB+fence.rw.rw+po-addrs
SB+fence.rw.rw+po-ctrlfencei
SB+fence.rw.rw+po-ctrlfenceis
SB+fence.rw.rw+po
SB+fence.rw.rw+pos-addr
SB+fence.rw.rw+pos-ctrlfencei
SB+fence.rw.rw+rfi-addr
SB+fence.rw.rw+rfi-ctrlfencei
SB+fence.rw.w+fence.rw.rw
SB+fence.rw.ws
SB+fence.tsos
SB+fence.w.w+fence.rw.rw
SB+fence.w.ws
SB+po+po-addr
SB+po+po-addrs
SB+po+po-ctrlfencei
SB+po+po-ctrlfenceis
SB+po+popaq+NEW
SB+po+porlp+NEW
SB+po-addr+po-ctrlfencei
SB+po-addr+po-ctrlfenceis
SB+po-addrs+po-addr
SB+po-addrs+po-ctrlfencei
SB+po-addrs+po-ctrlfenceis
SB+po-addrs
SB+po-addrss
SB+po-ctrlfenceis+po-ctrlfencei
SB+po-ctrlfenceis
SB+po-ctrlfenceiss
SB+popaqs+NEW
SB+porlps+NEW
SB+pos-addr+pos-ctrlfencei
SB+pos-addrs
SB+pos-ctrlfenceis
SB+rfi-addr+rfi-ctrlfencei
SB+rfi-addrs
SB+rfi-ctrlfenceis
SB+rfi-fence.r.rs
SB+rfi-pos
SB
W+RWC+fence.rw.rw+ctrlfencei+fence.rw.rw
W+RWC+fence.rw.w+ctrlfencei+fence.rw.rw
W+RWC+fence.w.w+ctrlfencei+fence.rw.rw
WRC+addr+ctrlfencei
WRC+ctrl+ctrlfencei
WRC+ctrlfenceis
WRC+data+ctrlfencei
WRC+fence.r.rw+ctrlfencei
WRC+fence.rw.rw+ctrlfencei
WRC+fence.rw.w+ctrlfencei
