2026-01-22 15:39:09 | INFO    | MainLoop | ================================================================================
2026-01-22 15:39:09 | INFO    | MainLoop | Logger initialized
2026-01-22 15:39:09 | INFO    | MainLoop | log_file=./main_iteration.log
2026-01-22 15:39:09 | INFO    | MainLoop | level=INFO
2026-01-22 15:39:09 | INFO    | MainLoop | ================================================================================
2026-01-22 15:39:09 | INFO    | MainLoop | 
==================== Iteration 1/1 ====================
2026-01-22 15:39:09 | INFO    | MainLoop | Running Optimizer...
2026-01-22 15:40:32 | INFO    | MainLoop | ================================================================================
2026-01-22 15:40:32 | INFO    | MainLoop | Logger initialized
2026-01-22 15:40:32 | INFO    | MainLoop | log_file=./main_iteration.log
2026-01-22 15:40:32 | INFO    | MainLoop | level=INFO
2026-01-22 15:40:32 | INFO    | MainLoop | ================================================================================
2026-01-22 15:40:32 | INFO    | MainLoop | 
==================== Iteration 1/1 ====================
2026-01-22 15:40:32 | INFO    | MainLoop | Running Optimizer...
2026-01-22 15:42:30 | INFO    | MainLoop | ================================================================================
2026-01-22 15:42:30 | INFO    | MainLoop | Logger initialized
2026-01-22 15:42:30 | INFO    | MainLoop | log_file=./main_iteration.log
2026-01-22 15:42:30 | INFO    | MainLoop | level=INFO
2026-01-22 15:42:30 | INFO    | MainLoop | ================================================================================
2026-01-22 15:42:30 | INFO    | MainLoop | 
==================== Iteration 1/1 ====================
2026-01-22 15:42:30 | INFO    | MainLoop | Running Optimizer...
2026-01-22 15:47:05 | INFO    | MainLoop | ================================================================================
2026-01-22 15:47:05 | INFO    | MainLoop | Logger initialized
2026-01-22 15:47:05 | INFO    | MainLoop | log_file=./main_iteration.log
2026-01-22 15:47:05 | INFO    | MainLoop | level=INFO
2026-01-22 15:47:05 | INFO    | MainLoop | ================================================================================
2026-01-22 15:47:05 | INFO    | MainLoop | 
==================== Iteration 1/1 ====================
2026-01-22 15:47:05 | INFO    | MainLoop | Running Optimizer...
2026-01-22 15:47:49 | INFO    | MainLoop | ================================================================================
2026-01-22 15:47:49 | INFO    | MainLoop | Logger initialized
2026-01-22 15:47:49 | INFO    | MainLoop | log_file=./main_iteration.log
2026-01-22 15:47:49 | INFO    | MainLoop | level=INFO
2026-01-22 15:47:49 | INFO    | MainLoop | ================================================================================
2026-01-22 15:47:49 | INFO    | MainLoop | 
==================== Iteration 1/1 ====================
2026-01-22 15:47:49 | INFO    | MainLoop | Running Optimizer...
2026-01-22 15:48:09 | INFO    | MainLoop | ================================================================================
2026-01-22 15:48:09 | INFO    | MainLoop | Logger initialized
2026-01-22 15:48:09 | INFO    | MainLoop | log_file=./main_iteration.log
2026-01-22 15:48:09 | INFO    | MainLoop | level=INFO
2026-01-22 15:48:09 | INFO    | MainLoop | ================================================================================
2026-01-22 15:48:09 | INFO    | MainLoop | 
==================== Iteration 1/1 ====================
2026-01-22 15:48:09 | INFO    | MainLoop | Running Optimizer...
2026-01-22 15:48:20 | INFO    | MainLoop | ================================================================================
2026-01-22 15:48:20 | INFO    | MainLoop | Logger initialized
2026-01-22 15:48:20 | INFO    | MainLoop | log_file=./main_iteration.log
2026-01-22 15:48:20 | INFO    | MainLoop | level=INFO
2026-01-22 15:48:20 | INFO    | MainLoop | ================================================================================
2026-01-22 15:48:20 | INFO    | MainLoop | 
==================== Iteration 1/1 ====================
2026-01-22 15:48:20 | INFO    | MainLoop | Running Optimizer...
2026-01-22 15:49:10 | INFO    | MainLoop | ================================================================================
2026-01-22 15:49:10 | INFO    | MainLoop | Logger initialized
2026-01-22 15:49:10 | INFO    | MainLoop | log_file=./main_iteration.log
2026-01-22 15:49:10 | INFO    | MainLoop | level=INFO
2026-01-22 15:49:10 | INFO    | MainLoop | ================================================================================
2026-01-22 15:49:10 | INFO    | MainLoop | 
==================== Iteration 1/1 ====================
2026-01-22 15:49:10 | INFO    | MainLoop | Running Optimizer...
