Coe_Fence.rw.rwdWR_Fre_Rfe_DpDatadW: W Fence.rw.rw R <SEP>  W <SEP>  R DataPo W <SEP> 
Coe_Fence.rw.wdWR_Fre_Fence.w.wdWW_Rfe_Fence.rw.rwdRW: W Fence.rw.w R <SEP>  W Fence.w.w W <SEP>  R Fence.rw.rw W <SEP> 
Rfe_DpAddrdW_Rfe_Fence.rw.rwdRW_Coe_Fence.w.wdWW: R AddrPo W <SEP>  R Fence.rw.rw W <SEP>  W Fence.w.w W <SEP> 
Rfe_Fence.r.rwdRW_Rfe_Fence.rw.rwdRW_Coe_Fence.rw.rwdWW: R Fence.r.rw W <SEP>  R Fence.rw.rw W <SEP>  W Fence.rw.rw W <SEP> 
Fre_Fence.w.wdWW_Rfe_Fence.rw.rwdRW_Coe_Fence.rw.rwdWR: W Fence.w.w W <SEP>  R Fence.rw.rw W <SEP>  W Fence.rw.rw R <SEP> 
Coe_Fence.rw.rwdWR_Fre_Fence.w.wdWW_Wse_Fence.rw.rwdWW: W Fence.rw.rw R <SEP>  W Fence.w.w W <SEP>  W Fence.rw.rw W <SEP> 
Rfe_PodRW_Rfe_PodRW_RfLeave_FrBack: R Po W <SEP>  R Po W PoLoc W <SEP>  R <SEP> 
Rfe_Fence.rw.rwdRW_Rfe_Fence.rw.rwdRW_Coe_Fence.rw.rwdWW: R Fence.rw.rw W <SEP>  R Fence.rw.rw W <SEP>  W Fence.rw.rw W <SEP> 
Rfe_PodRR_Fre_PodWW_Rfe_DpCtrldW: R Po R <SEP>  W Po W <SEP>  R CtrlPo W <SEP> 
Rfe_DpCtrldW_Rfe_Fence.rw.rwdRW_Coe_Fence.rw.wdWW: R CtrlPo W <SEP>  R Fence.rw.rw W <SEP>  W Fence.rw.w W <SEP> 
Coe_Fence.w.wdWW_Wse_Fence.rw.wdWW_Rfe_Fence.rw.rwdRW: W Fence.w.w W <SEP>  W Fence.rw.w W <SEP>  R Fence.rw.rw W <SEP> 
Rfe_PodRW_RfLeave_FrBack_Rfe_PodRW: R Po W PoLoc W <SEP>  R <SEP>  R Po W <SEP> 
Coe_Fence.r.rwdWR_Fre_Rfe_DpAddrdW: W Fence.r.rw R <SEP>  W <SEP>  R AddrPo W <SEP> 
Rfe_Fence.rw.rwdRR_Fre_CoLeave_Fence.rw.rwdWR_FrBack: R Fence.rw.rw R <SEP>  W Po W <SEP>  W Fence.rw.rw R <SEP> 
Rfe_Fence.r.rwdRW_Rfe_Fence.rw.rwdRW_Coe_Fence.rw.wdWW: R Fence.r.rw W <SEP>  R Fence.rw.rw W <SEP>  W Fence.rw.w W <SEP> 
Coe_Fence.r.rwdWR_Fre_Rfe_Fence.rw.wdRW: W Fence.r.rw R <SEP>  W <SEP>  R Fence.rw.w W <SEP> 
Rfe_Fence.r.rwdRR_Fre_CoLeave_Fence.rw.wdWR_FrBack: R Fence.r.rw R <SEP>  W Po W <SEP>  W Fence.rw.w R <SEP> 
Coe_Fence.r.rwdWR_Fre_Fence.rw.wdWW_Rfe_DpAddrdW: W Fence.r.rw R <SEP>  W Fence.rw.w W <SEP>  R AddrPo W <SEP> 
Coe_Fence.rw.wdWR_Fre_Rfe_DpAddrdR_Fre: W <SEP>  W Fence.rw.w R <SEP>  W <SEP>  R AddrPo R <SEP> 
Rfe_PosRR_Fre_PodWW_Rfe_DpCtrldW: R PoLoc R <SEP>  W Po W <SEP>  R CtrlPo W <SEP> 
Rfe_PodRW_Rfe_PodRR_Fre_PosWW: R Po W <SEP>  R Po R <SEP>  W PoLoc W <SEP> 
Rfe_Fence.rw.wdRW_Rfe_Fence.rw.rwdRW_Coe_Fence.rw.wdWW: R Fence.rw.w W <SEP>  R Fence.rw.rw W <SEP>  W Fence.rw.w W <SEP> 
Coe_Fence.rw.wdWW_Wse_Fence.rw.wdWW_Rfe_Fence.rw.rwdRW: W Fence.rw.w W <SEP>  W Fence.rw.w W <SEP>  R Fence.rw.rw W <SEP> 
Coe_Fence.rw.rwdWR_Fre_Fence.rw.wdWW_Rfe_DpAddrdW: W Fence.rw.rw R <SEP>  W Fence.rw.w W <SEP>  R AddrPo W <SEP> 
Coe_Fence.rw.wdWR_Fre_Fence.w.wdWW: W Fence.rw.w R <SEP>  W Fence.w.w W <SEP> 
Coe_Fence.rw.rwdWR_Fre_Fence.rw.rwdWW: W Fence.rw.rw R <SEP>  W Fence.rw.rw W <SEP> 
Rfe_PodRWPAR_CoeARAR_PodWWARP: R Po W <SEP>  W Po W <SEP> 
Coe_Fence.r.rwdWR_Fre_Fence.w.wdWW_Wse_Fence.rw.wdWW: W Fence.r.rw R <SEP>  W Fence.w.w W <SEP>  W Fence.rw.w W <SEP> 
Coe_Fence.rw.rwdWR_Fre_Fence.rw.rwdWW_Rfe_DpAddrdW: W Fence.rw.rw R <SEP>  W Fence.rw.rw W <SEP>  R AddrPo W <SEP> 
Rfe_PodRW_Rfe_DpCtrlFenceIsR_Fre_PodWW: R Po W <SEP>  R Fi R <SEP>  W Po W <SEP> 
Rfe_DpAddrdW_Wse_PodWW_Wse_PodWW: R AddrPo W <SEP>  W Po W <SEP>  W Po W <SEP> 
Rfe_DpCtrldW_Rfe_Fence.rw.rwdRW_Coe_Fence.rw.rwdWW: R CtrlPo W <SEP>  R Fence.rw.rw W <SEP>  W Fence.rw.rw W <SEP> 
Rfe_PodRW_Rfe_DpAddrdW_Rfe_PodRW: R Po W <SEP>  R AddrPo W <SEP>  R Po W <SEP> 
Coe_Fence.rw.wdWR_Fre_Rfe_Fence.rw.rwdRW: W Fence.rw.w R <SEP>  W <SEP>  R Fence.rw.rw W <SEP> 
Coe_Fence.rw.wdWR_Fre_Fence.w.wdWW_Wse_Fence.w.wdWW: W Fence.rw.w R <SEP>  W Fence.w.w W <SEP>  W Fence.w.w W <SEP> 
Rfe_Fence.rw.wdRW_Coe_Fence.rw.wdWR_Fre: W <SEP>  R Fence.rw.w W <SEP>  W Fence.rw.w R <SEP> 
Coe_Fence.r.rwdWR_Fre_Fence.rw.rwdWW_Rfe_DpAddrdW: W Fence.r.rw R <SEP>  W Fence.rw.rw W <SEP>  R AddrPo W <SEP> 
Rfe_PodRW_Wse_Rfe_PodRR_Fre: W <SEP>  R Po W <SEP>  W <SEP>  R Po R <SEP> 
Coe_Fence.rw.rwdWW_Wse_Fence.w.wdWW_Rfe_Fence.rw.rwdRW: W Fence.rw.rw W <SEP>  W Fence.w.w W <SEP>  R Fence.rw.rw W <SEP> 
Fre_PodWR_Fre_RfLeave_PodRW_RfBack: W Po R <SEP>  W Po R <SEP>  R Po W <SEP> 
Rfe_DpAddrdR_Fre_CoLeave_Fence.rw.rwdWR_FrBack: R AddrPo R <SEP>  W Po W <SEP>  W Fence.rw.rw R <SEP> 
Coe_Fence.rw.wdWR_Fre_Fence.rw.rwdWW_Wse_Fence.rw.wdWW: W Fence.rw.w R <SEP>  W Fence.rw.rw W <SEP>  W Fence.rw.w W <SEP> 
Rfe_Fence.r.rwdRW_Coe_Fence.r.rwdWR_Fre_Fence.w.wdWW: R Fence.r.rw W <SEP>  W Fence.r.rw R <SEP>  W Fence.w.w W <SEP> 
Wse_PodWW_Wse_PodWW: W Po W <SEP>  W Po W <SEP> 
Fre_PodWWPAR_CoeARAR_PodWRARP: W Po W <SEP>  W Po R <SEP> 
Rfe_PodRW_Rfe_FrLeave_PodWR_FrBack: R Po W <SEP>  R Po W <SEP>  W Po R <SEP> 
Coe_Fence.rw.rwdWR_Fre_Rfe_DpAddrdW: W Fence.rw.rw R <SEP>  W <SEP>  R AddrPo W <SEP> 
Rfe_PosRR_Fre_PodWW_Rfe_DpAddrdW: R PoLoc R <SEP>  W Po W <SEP>  R AddrPo W <SEP> 
PodRWPAR_CoeARAR_PodWWARAR_RfeARP: R Po W <SEP>  W Po W <SEP> 
Rfe_PodRW_Rfe_DpAddrdR_Fre_PodWW: R Po W <SEP>  R AddrPo R <SEP>  W Po W <SEP> 
Coe_Fence.r.rwdWR_Fre_Fence.w.wdWW_Rfe_Fence.rw.rwdRW: W Fence.r.rw R <SEP>  W Fence.w.w W <SEP>  R Fence.rw.rw W <SEP> 
Coe_Fence.rw.rwdWR_Fre_Rfe_DpCtrldW: W Fence.rw.rw R <SEP>  W <SEP>  R CtrlPo W <SEP> 
Coe_Fence.rw.wdWR_Fre_Fence.rw.rwdWW_Rfe_DpDatadW: W Fence.rw.w R <SEP>  W Fence.rw.rw W <SEP>  R DataPo W <SEP> 
Fre_Fence.rw.rwdWW_Rfe_Fence.rw.rwdRW_Coe_Fence.rw.rwdWR: W Fence.rw.rw W <SEP>  R Fence.rw.rw W <SEP>  W Fence.rw.rw R <SEP> 
Rfe_PodRW_Rfe_PodRW_Wse: W <SEP>  R Po W <SEP>  R Po W <SEP> 
Coe_Fence.rw.wdWR_Fre_Fence.rw.rwdWR_Fre_Fence.rw.rwdWW: W Fence.rw.w R <SEP>  W Fence.rw.rw R <SEP>  W Fence.rw.rw W <SEP> 
Rfe_DpAddrdR_Fre_PodWR_Fre_PodWW: R AddrPo R <SEP>  W Po R <SEP>  W Po W <SEP> 
Rfe_Fence.rw.wdRW_Coe_Fence.rw.wdWR_Fre_Fence.rw.rwdWW: R Fence.rw.w W <SEP>  W Fence.rw.w R <SEP>  W Fence.rw.rw W <SEP> 
CoePAR_PodWWARP_RfePAR_PodRWARP: W Po W <SEP>  R Po W <SEP> 
Coe_Fence.r.rwdWR_Fre_Fence.rw.rwdWW_Rfe_DpCtrldW: W Fence.r.rw R <SEP>  W Fence.rw.rw W <SEP>  R CtrlPo W <SEP> 
Coe_RfLeave_Fence.r.rwdRR_FrBack_Rfe_Fence.rw.rwdRW: R Fence.r.rw R <SEP>  R Fence.rw.rw W <SEP>  W Po W <SEP> 
Rfe_Fence.rw.rwdRR_Fre_CoLeave_Fence.rw.wdWR_FrBack: R Fence.rw.rw R <SEP>  W Po W <SEP>  W Fence.rw.w R <SEP> 
Rfe_DpCtrlFenceIsR_Fre_PodWR_Fre_PodWW: R Fi R <SEP>  W Po R <SEP>  W Po W <SEP> 
CoePAR_PodWRARAR_FreARAR_PodWWARP: W Po R <SEP>  W Po W <SEP> 
Coe_PodWRPAR_FreARAR_PodWWARP: W Po R <SEP>  W Po W <SEP> 
Hat_Rmw_PodWR_Hat_Rmw_PodWR: Amo Po R <SEP>  Amo Po R <SEP> 
Fre_RfLeave_FrBack_PodWW_Wse_PodWR: W Po R <SEP>  W PoLoc W Po W <SEP>  R <SEP> 
Coe_Fence.rw.rwdWR_Fre_Fence.w.wdWW_Rfe_DpDatadW: W Fence.rw.rw R <SEP>  W Fence.w.w W <SEP>  R DataPo W <SEP> 
Coe_Fence.r.rwdWR_Fre_Rfe_DpCtrlFenceIdW: W Fence.r.rw R <SEP>  W <SEP>  R Fi W <SEP> 
Coe_Fence.rw.rwdWR_Fre_RfLeave_Fence.r.rwdRR_FrBack: W Fence.rw.rw R <SEP>  W Po W <SEP>  R Fence.r.rw R <SEP> 
RfePAR_PodRWARAR_CoeARAR_PodWWARP: R Po W <SEP>  W Po W <SEP> 
Coe_Fence.rw.wdWR_Fre_RfLeave_Fence.r.rwdRR_FrBack: W Fence.rw.w R <SEP>  W Po W <SEP>  R Fence.r.rw R <SEP> 
Coe_Fence.rw.wdWR_Fre_Fence.w.wdWW_Rfe_DpCtrlFenceIdW: W Fence.rw.w R <SEP>  W Fence.w.w W <SEP>  R Fi W <SEP> 
Coe_Fence.r.rwdWR_Fre_Fence.rw.wdWW_Rfe_Fence.rw.wdRW: W Fence.r.rw R <SEP>  W Fence.rw.w W <SEP>  R Fence.rw.w W <SEP> 
Coe_Fence.rw.wdWW_Wse_Fence.w.wdWW_Rfe_Fence.rw.rwdRW: W Fence.rw.w W <SEP>  W Fence.w.w W <SEP>  R Fence.rw.rw W <SEP> 
Rfe_Fence.r.rwdRW_Rfe_Fence.rw.rwdRW_Coe_Fence.w.wdWW: R Fence.r.rw W <SEP>  R Fence.rw.rw W <SEP>  W Fence.w.w W <SEP> 
Rfe_PosRR_Fre_PodWW_Rfe_DpDatadW: R PoLoc R <SEP>  W Po W <SEP>  R DataPo W <SEP> 
Rfe_Fence.rw.rwdRW_Rfe_Fence.rw.rwdRW_Coe_Fence.w.wdWW: R Fence.rw.rw W <SEP>  R Fence.rw.rw W <SEP>  W Fence.w.w W <SEP> 
Coe_Fence.rw.rwdWR_Fre_Fence.rw.wdWW_Rfe_DpCtrldW: W Fence.rw.rw R <SEP>  W Fence.rw.w W <SEP>  R CtrlPo W <SEP> 
Fre_Fence.rw.wdWW_Rfe_Fence.rw.rwdRW_Coe_Fence.rw.rwdWR: W Fence.rw.w W <SEP>  R Fence.rw.rw W <SEP>  W Fence.rw.rw R <SEP> 
Coe_Fence.rw.rwdWR_Fre_Fence.rw.rwdWW_Rfe_DpCtrldW: W Fence.rw.rw R <SEP>  W Fence.rw.rw W <SEP>  R CtrlPo W <SEP> 
Rfe_PodRW_Rfe_DpCtrlFenceIdW_Wse_PodWW: R Po W <SEP>  R Fi W <SEP>  W Po W <SEP> 
CoeARAR_PodWRARAR_FreARAR_PodWWARAR: W Po R <SEP>  W Po W <SEP> 
Coe_Fence.rw.rwdWR_Fre_RfLeave_Fence.rw.rwdRR_FrBack: W Fence.rw.rw R <SEP>  W Po W <SEP>  R Fence.rw.rw R <SEP> 
Coe_Fence.rw.wdWR_Fre_Fence.rw.wdWW_Rfe_DpCtrlFenceIdW: W Fence.rw.w R <SEP>  W Fence.rw.w W <SEP>  R Fi W <SEP> 
Coe_Fence.r.rwdWR_Fre_Fence.w.wdWW_Rfe_DpDatadW: W Fence.r.rw R <SEP>  W Fence.w.w W <SEP>  R DataPo W <SEP> 
Rfe_PodRW_Wse_Rfe_PodRW_Wse: W <SEP>  R Po W <SEP>  W <SEP>  R Po W <SEP> 
Rfe_DpAddrsR_Fre_PodWR_Fre_PodWW: R AddrPoLoc R <SEP>  W Po R <SEP>  W Po W <SEP> 
Rfe_PosRW_Rfe_PodRW_Wse_PodWW: R PoLoc W <SEP>  R Po W <SEP>  W Po W <SEP> 
Rfe_PodRW_Rfe_DpCtrlFenceIdW_Rfe_PodRW: R Po W <SEP>  R Fi W <SEP>  R Po W <SEP> 
Rfe_Fence.rw.wdRW_Coe_Fence.rw.rwdWR_Fre_Fence.rw.rwdWW: R Fence.rw.w W <SEP>  W Fence.rw.rw R <SEP>  W Fence.rw.rw W <SEP> 
Rfe_DpAddrsR_Fre_PodWW_Wse_PodWW: R AddrPoLoc R <SEP>  W Po W <SEP>  W Po W <SEP> 
Coe_Fence.rw.wdWR_Fre_Fence.rw.rwdWR_Fre_Fence.rw.wdWW: W Fence.rw.w R <SEP>  W Fence.rw.rw R <SEP>  W Fence.rw.w W <SEP> 
Rfe_DpAddrdR_Fre_CoLeave_Fence.rw.wdWR_FrBack: R AddrPo R <SEP>  W Po W <SEP>  W Fence.rw.w R <SEP> 
Coe_Fence.r.rwdWR_Fre_Fence.rw.wdWW_Wse_Fence.rw.wdWW: W Fence.r.rw R <SEP>  W Fence.rw.w W <SEP>  W Fence.rw.w W <SEP> 
Coe_Fence.r.rwdWR_Fre_RfLeave_Fence.rw.rwdRR_FrBack: W Fence.r.rw R <SEP>  W Po W <SEP>  R Fence.rw.rw R <SEP> 
Coe_Fence.r.rwdWR_Fre_Fence.rw.rwdWW_Rfe_Fence.rw.wdRW: W Fence.r.rw R <SEP>  W Fence.rw.rw W <SEP>  R Fence.rw.w W <SEP> 
Rfe_DpAddrdW_Wse_PodWR_Fre_PodWW: R AddrPo W <SEP>  W Po R <SEP>  W Po W <SEP> 
PodWRPAR_FreARAR_PodWWARAR_CoeARP: W Po R <SEP>  W Po W <SEP> 
Fre_PodWW_Wse_PodWR: W Po W <SEP>  W Po R <SEP> 
Coe_Fence.r.rwdWR_Fre_Rfe_Fence.rw.rwdRW: W Fence.r.rw R <SEP>  W <SEP>  R Fence.rw.rw W <SEP> 
Coe_Fence.rw.rwdWW_Wse_Fence.rw.rwdWW_Rfe_Fence.rw.rwdRW: W Fence.rw.rw W <SEP>  W Fence.rw.rw W <SEP>  R Fence.rw.rw W <SEP> 
Coe_Fence.rw.wdWR_Fre_Fence.w.wdWW_Rfe_DpDatadW: W Fence.rw.w R <SEP>  W Fence.w.w W <SEP>  R DataPo W <SEP> 
Rfe_PodRW_Rfe_PodRW: R Po W <SEP>  R Po W <SEP> 
Coe_Fence.rw.rwdWR_Fre_Fence.w.wdWW_Wse_Fence.w.wdWW: W Fence.rw.rw R <SEP>  W Fence.w.w W <SEP>  W Fence.w.w W <SEP> 
Coe_Fence.w.wdWW_Wse_Fence.rw.rwdWW_Rfe_Fence.rw.rwdRW: W Fence.w.w W <SEP>  W Fence.rw.rw W <SEP>  R Fence.rw.rw W <SEP> 
Coe_Fence.rw.rwdWR_Fre_Fence.rw.rwdWR_Fre_Fence.rw.wdWW: W Fence.rw.rw R <SEP>  W Fence.rw.rw R <SEP>  W Fence.rw.w W <SEP> 
Rfe_Fence.r.rwdRW_Coe_Fence.rw.wdWR_Fre_Fence.w.wdWW: R Fence.r.rw W <SEP>  W Fence.rw.w R <SEP>  W Fence.w.w W <SEP> 
Rfe_Fence.r.rwdRW_Coe_Fence.rw.wdWR_Fre_Fence.rw.wdWW: R Fence.r.rw W <SEP>  W Fence.rw.w R <SEP>  W Fence.rw.w W <SEP> 
Coe_Fence.rw.wdWR_Fre_Fence.rw.wdWW: W Fence.rw.w R <SEP>  W Fence.rw.w W <SEP> 
Rfe_Fence.rw.rwdRW_Rfe_Fence.rw.rwdRW_Coe: W <SEP>  R Fence.rw.rw W <SEP>  R Fence.rw.rw W <SEP> 
FrePAR_PodWWARAR_CoeARAR_PodWRARP: W Po W <SEP>  W Po R <SEP> 
Rfe_Fence.rw.rwdRW_Coe_Fence.rw.rwdWR_Fre_Fence.w.wdWW: R Fence.rw.rw W <SEP>  W Fence.rw.rw R <SEP>  W Fence.w.w W <SEP> 
Coe_Fence.rw.wdWR_Fre_Fence.rw.wdWW_Wse_Fence.w.wdWW: W Fence.rw.w R <SEP>  W Fence.rw.w W <SEP>  W Fence.w.w W <SEP> 
Fre_PodWW_Wse_RfLeave_PodRW_RfBack: W Po W <SEP>  W Po R <SEP>  R Po W <SEP> 
Rfe_PodRW_Rfe_PodRW_Rfe_DpCtrldW: R Po W <SEP>  R Po W <SEP>  R CtrlPo W <SEP> 
Coe_Fence.r.rwdWR_Fre_Fence.rw.wdWW_Rfe_Fence.rw.rwdRW: W Fence.r.rw R <SEP>  W Fence.rw.w W <SEP>  R Fence.rw.rw W <SEP> 
Rfe_Fence.rw.rwdRW_Rfe_Fence.rw.rwdRW_Coe_Fence.rw.wdWW: R Fence.rw.rw W <SEP>  R Fence.rw.rw W <SEP>  W Fence.rw.w W <SEP> 
Coe_Fence.rw.wdWR_Fre_Fence.rw.rwdWW_Rfe_DpCtrlFenceIdW: W Fence.rw.w R <SEP>  W Fence.rw.rw W <SEP>  R Fi W <SEP> 
Coe_Fence.rw.wdWR_Fre_Fence.rw.wdWW_Rfe_Fence.rw.rwdRW: W Fence.rw.w R <SEP>  W Fence.rw.w W <SEP>  R Fence.rw.rw W <SEP> 
Rfe_PodRR_Fre_PosWW_Rfe_PodRW: R Po R <SEP>  W PoLoc W <SEP>  R Po W <SEP> 
Coe_PodWWPAR_RfeARAR_PodRWARP: W Po W <SEP>  R Po W <SEP> 
Coe_Fence.rw.rwdWR_Fre_Rfe_DpCtrlFenceIdW: W Fence.rw.rw R <SEP>  W <SEP>  R Fi W <SEP> 
Coe_Fence.rw.wdWR_Fre_Fence.rw.rwdWW_Rfe_DpCtrldW: W Fence.rw.w R <SEP>  W Fence.rw.rw W <SEP>  R CtrlPo W <SEP> 
Rfe_PodRW_Rfe_PodRR_Fre: W <SEP>  R Po W <SEP>  R Po R <SEP> 
Coe_Fence.rw.rwdWR_Fre_Fence.rw.rwdWW_Wse_Fence.rw.rwdWW: W Fence.rw.rw R <SEP>  W Fence.rw.rw W <SEP>  W Fence.rw.rw W <SEP> 
Rfe_Fence.r.rwdRW_Coe_Fence.rw.wdWR_Fre: W <SEP>  R Fence.r.rw W <SEP>  W Fence.rw.w R <SEP> 
Coe_Fence.rw.rwdWR_Fre_Fence.w.wdWW_Rfe_DpCtrldW: W Fence.rw.rw R <SEP>  W Fence.w.w W <SEP>  R CtrlPo W <SEP> 
Rfe_Fence.r.rwdRW_Coe_Fence.r.rwdWR_Fre: W <SEP>  R Fence.r.rw W <SEP>  W Fence.r.rw R <SEP> 
Rfe_PosRW_Rfe_PodRR_Fre_PodWW: R PoLoc W <SEP>  R Po R <SEP>  W Po W <SEP> 
Rfe_DpDatadW_Rfe_Fence.rw.rwdRW_Coe: W <SEP>  R DataPo W <SEP>  R Fence.rw.rw W <SEP> 
Fre_PodWR_Fre_PodWR: W Po R <SEP>  W Po R <SEP> 
Rfe_PodRR_Fre_RfLeave_FrBack_PodWW: R Po R <SEP>  W PoLoc W Po W <SEP>  R <SEP> 
Coe_Fence.r.rwdWR_Fre_Rfe_DpDatadW: W Fence.r.rw R <SEP>  W <SEP>  R DataPo W <SEP> 
Coe_Fence.rw.wdWW_Wse_Fence.rw.rwdWW_Rfe_Fence.rw.rwdRW: W Fence.rw.w W <SEP>  W Fence.rw.rw W <SEP>  R Fence.rw.rw W <SEP> 
Rfe_PodRW_Rfe_PodRW_Rfe_DpAddrdW: R Po W <SEP>  R Po W <SEP>  R AddrPo W <SEP> 
Rfe_DpCtrlFenceIdW_Rfe_Fence.rw.rwdRW_Coe_Fence.rw.wdWW: R Fi W <SEP>  R Fence.rw.rw W <SEP>  W Fence.rw.w W <SEP> 
CoePAR_PodWWARAR_RfeARAR_PodRWARP: W Po W <SEP>  R Po W <SEP> 
Rfe_DpDatadW_Wse_PodWR_Fre_PodWW: R DataPo W <SEP>  W Po R <SEP>  W Po W <SEP> 
Fre_PodWR_Fre_PodWR_FrLeave_RfBack: W Po R <SEP>  W Po R PoLoc R <SEP>  W <SEP> 
Coe_Fence.rw.wdWR_Fre_Fence.rw.rwdWW: W Fence.rw.w R <SEP>  W Fence.rw.rw W <SEP> 
Coe_Fence.rw.rwdWR_Fre_Fence.rw.wdWW: W Fence.rw.rw R <SEP>  W Fence.rw.w W <SEP> 
Coe_Fence.rw.rwdWR_Fre_Fence.rw.wdWW_Wse_Fence.rw.wdWW: W Fence.rw.rw R <SEP>  W Fence.rw.w W <SEP>  W Fence.rw.w W <SEP> 
Coe_Fence.rw.rwdWR_Fre_Fence.rw.rwdWW_Rfe_DpCtrlFenceIdW: W Fence.rw.rw R <SEP>  W Fence.rw.rw W <SEP>  R Fi W <SEP> 
Rfe_Fence.r.rwdRR_Fre_RfLeave_Fence.rw.rwdRW_CoBack: R Fence.r.rw R <SEP>  W Po W <SEP>  R Fence.rw.rw W <SEP> 
Coe_Fence.rw.wdWR_Fre_Fence.rw.wdWW_Rfe_DpAddrdW: W Fence.rw.w R <SEP>  W Fence.rw.w W <SEP>  R AddrPo W <SEP> 
PodWWPAR_CoeARP_PodWRPAR_FreARP: W Po W <SEP>  W Po R <SEP> 
Rfe_DpCtrlFenceIdW_Rfe_Fence.rw.rwdRW_Coe_Fence.w.wdWW: R Fi W <SEP>  R Fence.rw.rw W <SEP>  W Fence.w.w W <SEP> 
Rfe_PodRR_Fre_PodWR_Fre_PosWW: R Po R <SEP>  W Po R <SEP>  W PoLoc W <SEP> 
Coe_Fence.rw.wdWR_Fre_Rfe_DpDatadW: W Fence.rw.w R <SEP>  W <SEP>  R DataPo W <SEP> 
Rfe_PodRW_Wse_PodWW_Rfe_DpCtrlFenceIdW: R Po W <SEP>  W Po W <SEP>  R Fi W <SEP> 
Coe_Fence.rw.rwdWR_Fre_Fence.rw.rwdWW_Wse_Fence.w.wdWW: W Fence.rw.rw R <SEP>  W Fence.rw.rw W <SEP>  W Fence.w.w W <SEP> 
Coe_Fence.rw.rwdWR_Fre_Fence.w.wdWW: W Fence.rw.rw R <SEP>  W Fence.w.w W <SEP> 
Coe_Fence.r.rwdWR_Fre_Fence.rw.rwdWR_Fre_Fence.rw.wdWW: W Fence.r.rw R <SEP>  W Fence.rw.rw R <SEP>  W Fence.rw.w W <SEP> 
Rfe_Fence.rw.rwdRW_Coe_Fence.rw.rwdWR_Fre_Fence.rw.rwdWW: R Fence.rw.rw W <SEP>  W Fence.rw.rw R <SEP>  W Fence.rw.rw W <SEP> 
Coe_Fence.r.rwdWR_Fre_Fence.w.wdWW_Rfe_DpCtrldW: W Fence.r.rw R <SEP>  W Fence.w.w W <SEP>  R CtrlPo W <SEP> 
Rfe_DpAddrdR_Fre_RfLeave_Fence.rw.rwdRW_CoBack: R AddrPo R <SEP>  W Po W <SEP>  R Fence.rw.rw W <SEP> 
Coe_Fence.rw.rwdWR_Fre_Fence.rw.rwdWR_Fre_Fence.w.wdWW: W Fence.rw.rw R <SEP>  W Fence.rw.rw R <SEP>  W Fence.w.w W <SEP> 
Rfe_FrLeave_PodWW_RfBack_Fre_PodWW: W Po W <SEP>  W Po W <SEP>  R Po R <SEP> 
Rfe_Fence.r.rwdRW_Rfe_Fence.rw.rwdRW_Coe: W <SEP>  R Fence.r.rw W <SEP>  R Fence.rw.rw W <SEP> 
Rfe_PodRW_Rfe_DpDatadW_Wse_PodWW: R Po W <SEP>  R DataPo W <SEP>  W Po W <SEP> 
Rfe_DpAddrdR_Fre_PosWR_Fre_PodWW: R AddrPo R <SEP>  W PoLoc R <SEP>  W Po W <SEP> 
Rfe_DpAddrdW_Rfe_Fence.rw.rwdRW_Coe: W <SEP>  R AddrPo W <SEP>  R Fence.rw.rw W <SEP> 
Coe_Fence.r.rwdWR_Fre_Fence.rw.wdWW_Wse_Fence.w.wdWW: W Fence.r.rw R <SEP>  W Fence.rw.w W <SEP>  W Fence.w.w W <SEP> 
Rfe_PodRR_FrLeave_RfBack_Fre_PodWW: R Po R PoLoc R <SEP>  W <SEP>  W Po W <SEP> 
Rfe_Fence.r.rwdRW_Coe_Fence.rw.rwdWR_Fre_Fence.rw.rwdWW: R Fence.r.rw W <SEP>  W Fence.rw.rw R <SEP>  W Fence.rw.rw W <SEP> 
Rfe_DpDatadW_Wse_PodWW_Wse_PodWW: R DataPo W <SEP>  W Po W <SEP>  W Po W <SEP> 
Coe_Fence.rw.wdWR_Fre_Fence.rw.rwdWR_Fre: W <SEP>  W Fence.rw.w R <SEP>  W Fence.rw.rw R <SEP> 
Rfe_Fence.rw.wdRW_Coe_Fence.rw.rwdWR_Fre_Fence.w.wdWW: R Fence.rw.w W <SEP>  W Fence.rw.rw R <SEP>  W Fence.w.w W <SEP> 
Coe_Fence.rw.rwdWR_Fre_RfLeave_DpAddrdR_FrBack: W Fence.rw.rw R <SEP>  W Po W <SEP>  R AddrPo R <SEP> 
Coe_Fence.r.rwdWR_Fre_Fence.rw.rwdWW_Rfe_Fence.rw.rwdRW: W Fence.r.rw R <SEP>  W Fence.rw.rw W <SEP>  R Fence.rw.rw W <SEP> 
Coe_Fence.r.rwdWR_Fre_Fence.rw.wdWW_Rfe_DpCtrldW: W Fence.r.rw R <SEP>  W Fence.rw.w W <SEP>  R CtrlPo W <SEP> 
Rfe_DpAddrdW_Rfe_Fence.rw.rwdRW_Coe_Fence.rw.rwdWW: R AddrPo W <SEP>  R Fence.rw.rw W <SEP>  W Fence.rw.rw W <SEP> 
Rfe_DpCtrlFenceIdW_Wse_PodWW_Wse_PodWW: R Fi W <SEP>  W Po W <SEP>  W Po W <SEP> 
Coe_Fence.rw.rwdWR_Fre_Fence.w.wdWW_Wse_Fence.rw.wdWW: W Fence.rw.rw R <SEP>  W Fence.w.w W <SEP>  W Fence.rw.w W <SEP> 
Rfe_Fence.rw.rwdRR_Fre_RfLeave_Fence.rw.rwdRW_CoBack: R Fence.rw.rw R <SEP>  W Po W <SEP>  R Fence.rw.rw W <SEP> 
Coe_Fence.rw.wdWR_Fre_Fence.rw.wdWW_Wse_Fence.rw.wdWW: W Fence.rw.w R <SEP>  W Fence.rw.w W <SEP>  W Fence.rw.w W <SEP> 
Rfe_DpCtrldW_Rfe_Fence.rw.rwdRW_Coe_Fence.w.wdWW: R CtrlPo W <SEP>  R Fence.rw.rw W <SEP>  W Fence.w.w W <SEP> 
Rfe_PodRW_Wse_PodWW_Wse: W <SEP>  R Po W <SEP>  W Po W <SEP> 
Rfe_PosRW_Rfe_PodRW_Rfe_PodRW: R PoLoc W <SEP>  R Po W <SEP>  R Po W <SEP> 
Coe_Fence.r.rwdWR_Fre_Fence.rw.wdWW_Rfe_DpDatadW: W Fence.r.rw R <SEP>  W Fence.rw.w W <SEP>  R DataPo W <SEP> 
Rfe_PodRW_Rfe_DpAddrdW_Wse_PodWW: R Po W <SEP>  R AddrPo W <SEP>  W Po W <SEP> 
Coe_Fence.rw.rwdWR_Fre_Fence.rw.wdWW_Rfe_DpCtrlFenceIdW: W Fence.rw.rw R <SEP>  W Fence.rw.w W <SEP>  R Fi W <SEP> 
Rfe_DpCtrldW_Wse_PodWR_Fre_PodWW: R CtrlPo W <SEP>  W Po R <SEP>  W Po W <SEP> 
Coe_Fence.r.rwdWR_Fre_Fence.rw.rwdWW_Wse_Fence.w.wdWW: W Fence.r.rw R <SEP>  W Fence.rw.rw W <SEP>  W Fence.w.w W <SEP> 
Coe_Fence.rw.wdWR_Fre_Rfe_DpCtrlFenceIdW: W Fence.rw.w R <SEP>  W <SEP>  R Fi W <SEP> 
Coe_Fence.r.rwdWR_Fre_Fence.rw.rwdWW_Rfe_DpDatadW: W Fence.r.rw R <SEP>  W Fence.rw.rw W <SEP>  R DataPo W <SEP> 
Coe_Fence.r.rwdWR_Fre_RfLeave_Fence.r.rwdRR_FrBack: W Fence.r.rw R <SEP>  W Po W <SEP>  R Fence.r.rw R <SEP> 
Coe_Fence.rw.rwdWW_Wse_Fence.rw.wdWW_Rfe_Fence.rw.rwdRW: W Fence.rw.rw W <SEP>  W Fence.rw.w W <SEP>  R Fence.rw.rw W <SEP> 
Coe_Fence.rw.wdWR_Fre_Fence.rw.rwdWW_Rfe_Fence.rw.rwdRW: W Fence.rw.w R <SEP>  W Fence.rw.rw W <SEP>  R Fence.rw.rw W <SEP> 
Rfe_PodRW_Wse_PodWR_Fre: W <SEP>  R Po W <SEP>  W Po R <SEP> 
Coe_Fence.rw.rwdWR_Fre_Fence.rw.rwdWR_Fre: W <SEP>  W Fence.rw.rw R <SEP>  W Fence.rw.rw R <SEP> 
Coe_Fence.rw.rwdWW_Rfe_Fence.rw.rwdRW: W Fence.rw.rw W <SEP>  R Fence.rw.rw W <SEP> 
Coe_Fence.r.rwdWR_Fre_Fence.w.wdWW_Rfe_DpAddrdW: W Fence.r.rw R <SEP>  W Fence.w.w W <SEP>  R AddrPo W <SEP> 
Coe_Fence.rw.wdWR_Fre_Fence.w.wdWW_Wse_Fence.rw.rwdWW: W Fence.rw.w R <SEP>  W Fence.w.w W <SEP>  W Fence.rw.rw W <SEP> 
Coe_Fence.r.rwdWR_Fre_Rfe_Fence.r.rwdRR_Fre: W <SEP>  W Fence.r.rw R <SEP>  W <SEP>  R Fence.r.rw R <SEP> 
Coe_Fence.rw.rwdWR_Fre_Rfe_Fence.rw.rwdRR_Fre: W <SEP>  W Fence.rw.rw R <SEP>  W <SEP>  R Fence.rw.rw R <SEP> 
Coe_Fence.r.rwdWR_Fre_Fence.rw.rwdWR_Fre_Fence.w.wdWW: W Fence.r.rw R <SEP>  W Fence.rw.rw R <SEP>  W Fence.w.w W <SEP> 
Rfe_PodRW_Rfe_DpCtrldW_Wse_PodWW: R Po W <SEP>  R CtrlPo W <SEP>  W Po W <SEP> 
Coe_Fence.rw.rwdWR_Fre_Fence.rw.wdWW_Rfe_DpDatadW: W Fence.rw.rw R <SEP>  W Fence.rw.w W <SEP>  R DataPo W <SEP> 
Rfe_PodRR_Fre_PodWW_Wse: W <SEP>  R Po R <SEP>  W Po W <SEP> 
Rfe_Fence.r.rwdRW_Coe_Fence.r.rwdWR_Fre_Fence.rw.wdWW: R Fence.r.rw W <SEP>  W Fence.r.rw R <SEP>  W Fence.rw.w W <SEP> 
Rfe_Fence.r.rwdRW_Coe_Fence.rw.rwdWR_Fre_Fence.rw.wdWW: R Fence.r.rw W <SEP>  W Fence.rw.rw R <SEP>  W Fence.rw.w W <SEP> 
Rfe_Fence.r.rwdRW_Coe_Fence.r.rwdWR_Fre_Fence.rw.rwdWW: R Fence.r.rw W <SEP>  W Fence.r.rw R <SEP>  W Fence.rw.rw W <SEP> 
Rfe_DpDatadW_Rfe_Fence.rw.rwdRW_Coe_Fence.rw.rwdWW: R DataPo W <SEP>  R Fence.rw.rw W <SEP>  W Fence.rw.rw W <SEP> 
Rfe_PosRR_Fre_PodWW_Rfe_DpCtrlFenceIdW: R PoLoc R <SEP>  W Po W <SEP>  R Fi W <SEP> 
Coe_Fence.rw.wdWR_Fre_Rfe_Fence.rw.rwdRR_Fre: W <SEP>  W Fence.rw.w R <SEP>  W <SEP>  R Fence.rw.rw R <SEP> 
Coe_Fence.rw.wdWR_Fre_Fence.w.wdWW_Rfe_DpAddrdW: W Fence.rw.w R <SEP>  W Fence.w.w W <SEP>  R AddrPo W <SEP> 
Rfe_DpAddrdW_Rfe_Fence.rw.rwdRW_Coe_Fence.rw.wdWW: R AddrPo W <SEP>  R Fence.rw.rw W <SEP>  W Fence.rw.w W <SEP> 
Coe_Fence.r.rwdWR_Fre_Fence.rw.rwdWW_Rfe_DpCtrlFenceIdW: W Fence.r.rw R <SEP>  W Fence.rw.rw W <SEP>  R Fi W <SEP> 
Coe_Fence.rw.rwdWR_Fre_Fence.rw.rwdWW_Wse_Fence.rw.wdWW: W Fence.rw.rw R <SEP>  W Fence.rw.rw W <SEP>  W Fence.rw.w W <SEP> 
Rfe_PodRW_Rfe_PodRW_Rfe_DpDatadW: R Po W <SEP>  R Po W <SEP>  R DataPo W <SEP> 
Coe_Fence.rw.wdWR_Fre_Fence.rw.wdWW_Wse_Fence.rw.rwdWW: W Fence.rw.w R <SEP>  W Fence.rw.w W <SEP>  W Fence.rw.rw W <SEP> 
Rfe_DpCtrlFenceIdW_Rfe_Fence.rw.rwdRW_Coe_Fence.rw.rwdWW: R Fi W <SEP>  R Fence.rw.rw W <SEP>  W Fence.rw.rw W <SEP> 
Coe_RfLeave_DpAddrdR_FrBack_Rfe_Fence.rw.rwdRW: R AddrPo R <SEP>  R Fence.rw.rw W <SEP>  W Po W <SEP> 
Coe_Fence.rw.rwdWR_Fre_Fence.rw.rwdWW_Rfe_DpDatadW: W Fence.rw.rw R <SEP>  W Fence.rw.rw W <SEP>  R DataPo W <SEP> 
Rfe_Fence.r.rwdRR_Fre_Coe_Fence.rw.rwdWR_Fre: W <SEP>  R Fence.r.rw R <SEP>  W <SEP>  W Fence.rw.rw R <SEP> 
PodWWPAR_RfeARAR_PodRWARAR_CoeARP: W Po W <SEP>  R Po W <SEP> 
Rfe_PodRW_Wse_RfLeave_PodRR_FrBack: R Po W <SEP>  W Po W <SEP>  R Po R <SEP> 
Coe_Fence.rw.wdWR_Fre_RfLeave_Fence.rw.rwdRR_FrBack: W Fence.rw.w R <SEP>  W Po W <SEP>  R Fence.rw.rw R <SEP> 
Rfe_PodRR_Fre_PodWW_Rfe_DpCtrlFenceIdW: R Po R <SEP>  W Po W <SEP>  R Fi W <SEP> 
Rfe_Fence.rw.wdRW_Coe_Fence.rw.wdWR_Fre_Fence.rw.wdWW: R Fence.rw.w W <SEP>  W Fence.rw.w R <SEP>  W Fence.rw.w W <SEP> 
Coe_Fence.r.rwdWR_Fre_Rfe_DpCtrldW: W Fence.r.rw R <SEP>  W <SEP>  R CtrlPo W <SEP> 
Rfe_PodRW_Wse_PodWR_Fre_PosWW: R Po W <SEP>  W Po R <SEP>  W PoLoc W <SEP> 
Rfe_DpCtrlFenceIdW_Rfe_Fence.rw.rwdRW_Coe: W <SEP>  R Fi W <SEP>  R Fence.rw.rw W <SEP> 
Coe_Fence.rw.wdWR_Fre_RfLeave_DpAddrdR_FrBack: W Fence.rw.w R <SEP>  W Po W <SEP>  R AddrPo R <SEP> 
Coe_Fence.rw.wdWW_Rfe_Fence.rw.rwdRW: W Fence.rw.w W <SEP>  R Fence.rw.rw W <SEP> 
Coe_Fence.r.rwdWR_Fre_Fence.rw.rwdWR_Fre_Fence.rw.rwdWW: W Fence.r.rw R <SEP>  W Fence.rw.rw R <SEP>  W Fence.rw.rw W <SEP> 
Coe_Fence.r.rwdWR_Fre_Fence.rw.rwdWW: W Fence.r.rw R <SEP>  W Fence.rw.rw W <SEP> 
Rfe_Fence.rw.wdRW_Rfe_Fence.rw.rwdRW_Coe: W <SEP>  R Fence.rw.w W <SEP>  R Fence.rw.rw W <SEP> 
Rfe_Fence.rw.wdRW_Coe_Fence.rw.rwdWR_Fre: W <SEP>  R Fence.rw.w W <SEP>  W Fence.rw.rw R <SEP> 
Coe_Fence.rw.rwdWR_Fre_Fence.rw.wdWW_Wse_Fence.w.wdWW: W Fence.rw.rw R <SEP>  W Fence.rw.w W <SEP>  W Fence.w.w W <SEP> 
Rfe_Fence.rw.wdRW_Coe_Fence.rw.wdWR_Fre_Fence.w.wdWW: R Fence.rw.w W <SEP>  W Fence.rw.w R <SEP>  W Fence.w.w W <SEP> 
Rfe_Fence.r.rwdRW_Coe_Fence.rw.rwdWR_Fre: W <SEP>  R Fence.r.rw W <SEP>  W Fence.rw.rw R <SEP> 
Rfe_PodRW_Rfe_DpDatadW_Rfe_PodRW: R Po W <SEP>  R DataPo W <SEP>  R Po W <SEP> 
Rfe_Fence.rw.wdRW_Coe_Fence.rw.rwdWR_Fre_Fence.rw.wdWW: R Fence.rw.w W <SEP>  W Fence.rw.rw R <SEP>  W Fence.rw.w W <SEP> 
Coe_Fence.r.rwdWR_Fre_Fence.w.wdWW_Rfe_DpCtrlFenceIdW: W Fence.r.rw R <SEP>  W Fence.w.w W <SEP>  R Fi W <SEP> 
Rfe_PodRW_Rfe_PodRW_Rfe_DpCtrlFenceIdW: R Po W <SEP>  R Po W <SEP>  R Fi W <SEP> 
Coe_Fence.rw.rwdWR_Fre_Fence.w.wdWW_Rfe_DpAddrdW: W Fence.rw.rw R <SEP>  W Fence.w.w W <SEP>  R AddrPo W <SEP> 
Rfe_Fence.rw.rwdRR_Fre_CoLeave_Fence.r.rwdWR_FrBack: R Fence.rw.rw R <SEP>  W Po W <SEP>  W Fence.r.rw R <SEP> 
Coe_Fence.r.rwdWR_Fre_Fence.rw.rwdWW_Wse_Fence.rw.rwdWW: W Fence.r.rw R <SEP>  W Fence.rw.rw W <SEP>  W Fence.rw.rw W <SEP> 
Coe_RfLeave_Fence.rw.rwdRR_FrBack_Rfe_Fence.rw.rwdRW: R Fence.rw.rw R <SEP>  R Fence.rw.rw W <SEP>  W Po W <SEP> 
Coe_Fence.r.rwdWR_Fre_Fence.w.wdWW_Wse_Fence.w.wdWW: W Fence.r.rw R <SEP>  W Fence.w.w W <SEP>  W Fence.w.w W <SEP> 
Coe_Fence.rw.wdWR_Fre_Fence.rw.rwdWR_Fre_Fence.w.wdWW: W Fence.rw.w R <SEP>  W Fence.rw.rw R <SEP>  W Fence.w.w W <SEP> 
Coe_Fence.r.rwdWR_Fre_Fence.w.wdWW: W Fence.r.rw R <SEP>  W Fence.w.w W <SEP> 
Coe_Fence.rw.rwdWR_Fre_Fence.w.wdWW_Rfe_DpCtrlFenceIdW: W Fence.rw.rw R <SEP>  W Fence.w.w W <SEP>  R Fi W <SEP> 
Coe_Fence.r.rwdWR_Fre_Fence.rw.wdWW_Rfe_DpCtrlFenceIdW: W Fence.r.rw R <SEP>  W Fence.rw.w W <SEP>  R Fi W <SEP> 
Rfe_PodRW_Wse_PodWW_Rfe_DpDatadW: R Po W <SEP>  W Po W <SEP>  R DataPo W <SEP> 
Rfe_Fence.rw.wdRW_Rfe_Fence.rw.rwdRW_Coe_Fence.w.wdWW: R Fence.rw.w W <SEP>  R Fence.rw.rw W <SEP>  W Fence.w.w W <SEP> 
Rfe_Fence.r.rwdRR_Fre_Coe_Fence.rw.wdWR_Fre: W <SEP>  R Fence.r.rw R <SEP>  W <SEP>  W Fence.rw.w R <SEP> 
Rfe_Fence.rw.rwdRW_Coe_Fence.rw.rwdWR_Fre_Fence.rw.wdWW: R Fence.rw.rw W <SEP>  W Fence.rw.rw R <SEP>  W Fence.rw.w W <SEP> 
Fre_RfLeave_PodRR_FrBack_Wse_PodWR: R Po R <SEP>  W Po R <SEP>  W Po W <SEP> 
Coe_Fence.r.rwdWR_Fre_Fence.w.wdWW_Wse_Fence.rw.rwdWW: W Fence.r.rw R <SEP>  W Fence.w.w W <SEP>  W Fence.rw.rw W <SEP> 
Rfe_PodRR_Fre_Rfe_PodRR_Fre: W <SEP>  R Po R <SEP>  W <SEP>  R Po R <SEP> 
Rfe_PodRR_Fre_PodWW: R Po R <SEP>  W Po W <SEP> 
Rfe_FrLeave_RfBack_PodRR_Fre_PodWW: W Po W <SEP>  R PoLoc R Po R <SEP>  W <SEP> 
Coe_Fence.rw.wdWR_Fre_Fence.w.wdWW_Rfe_DpCtrldW: W Fence.rw.w R <SEP>  W Fence.w.w W <SEP>  R CtrlPo W <SEP> 
CoePAR_PodWRARP_FrePAR_PodWWARP: W Po R <SEP>  W Po W <SEP> 
Coe_Fence.w.wdWW_Wse_Fence.w.wdWW_Rfe_Fence.rw.rwdRW: W Fence.w.w W <SEP>  W Fence.w.w W <SEP>  R Fence.rw.rw W <SEP> 
Coe_Fence.rw.rwdWR_Fre_Rfe_DpAddrdR_Fre: W <SEP>  W Fence.rw.rw R <SEP>  W <SEP>  R AddrPo R <SEP> 
Rfe_PodRW_Wse_Rfe_PodRW: R Po W <SEP>  W <SEP>  R Po W <SEP> 
Coe_Fence.rw.wdWR_Fre_Fence.rw.rwdWW_Wse_Fence.w.wdWW: W Fence.rw.w R <SEP>  W Fence.rw.rw W <SEP>  W Fence.w.w W <SEP> 
Fre_PodWR_Fre_RfLeave_FrBack_PodWR: W Po R <SEP>  W PoLoc W Po R <SEP>  R <SEP> 
Rfe_PodRR_Fre_RfLeave_PodRR_FrBack: R Po R <SEP>  W Po W <SEP>  R Po R <SEP> 
Rfe_DpCtrlFenceIsR_Fre_PodWW_Wse_PodWW: R Fi R <SEP>  W Po W <SEP>  W Po W <SEP> 
Rfe_Fence.r.rwdRR_Fre_CoLeave_Fence.r.rwdWR_FrBack: R Fence.r.rw R <SEP>  W Po W <SEP>  W Fence.r.rw R <SEP> 
Rfe_PodRW_Wse_PodWW_Rfe_DpAddrdW: R Po W <SEP>  W Po W <SEP>  R AddrPo W <SEP> 
Coe_Fence.tsodWR_Fre_Fence.tsodWW: W Ftso R <SEP>  W Ftso W <SEP> 
Coe_Fence.r.rwdWR_Fre_RfLeave_DpAddrdR_FrBack: W Fence.r.rw R <SEP>  W Po W <SEP>  R AddrPo R <SEP> 
Rfe_PodRR_Fre_PodWR_Fre: W <SEP>  R Po R <SEP>  W Po R <SEP> 
Coe_Fence.rw.rwdWR_Fre_Fence.rw.wdWW_Wse_Fence.rw.rwdWW: W Fence.rw.rw R <SEP>  W Fence.rw.w W <SEP>  W Fence.rw.rw W <SEP> 
Coe_Fence.rw.wdWR_Fre_Fence.rw.wdWW_Rfe_DpCtrldW: W Fence.rw.w R <SEP>  W Fence.rw.w W <SEP>  R CtrlPo W <SEP> 
Coe_Fence.rw.wdWR_Fre_Fence.rw.rwdWW_Rfe_DpAddrdW: W Fence.rw.w R <SEP>  W Fence.rw.rw W <SEP>  R AddrPo W <SEP> 
Rfe_DpAddrdR_Fre_CoLeave_Fence.r.rwdWR_FrBack: R AddrPo R <SEP>  W Po W <SEP>  W Fence.r.rw R <SEP> 
PodWWPAR_RfeARP_PodRWPAR_CoeARP: W Po W <SEP>  R Po W <SEP> 
Coe_Fence.rw.wdWR_Fre_Rfe_DpAddrdW: W Fence.rw.w R <SEP>  W <SEP>  R AddrPo W <SEP> 
Coe_Fence.r.rwdWR_Fre_Fence.rw.wdWW_Wse_Fence.rw.rwdWW: W Fence.r.rw R <SEP>  W Fence.rw.w W <SEP>  W Fence.rw.rw W <SEP> 
Rfe_DpAddrdR_Fre_PodWW_Wse_PodWW: R AddrPo R <SEP>  W Po W <SEP>  W Po W <SEP> 
Rfe_PodRW_Wse_PodWW: R Po W <SEP>  W Po W <SEP> 
Rfe_DpDatadW_Rfe_Fence.rw.rwdRW_Coe_Fence.w.wdWW: R DataPo W <SEP>  R Fence.rw.rw W <SEP>  W Fence.w.w W <SEP> 
Rfe_Fence.r.rwdRR_Fre_CoLeave_Fence.rw.rwdWR_FrBack: R Fence.r.rw R <SEP>  W Po W <SEP>  W Fence.rw.rw R <SEP> 
Coe_Fence.rw.wdWR_Fre_Fence.rw.rwdWW_Wse_Fence.rw.rwdWW: W Fence.rw.w R <SEP>  W Fence.rw.rw W <SEP>  W Fence.rw.rw W <SEP> 
Coe_Fence.rw.wdWR_Fre_Fence.w.wdWW_Wse_Fence.rw.wdWW: W Fence.rw.w R <SEP>  W Fence.w.w W <SEP>  W Fence.rw.w W <SEP> 
Rfe_DpCtrldW_Rfe_Fence.rw.rwdRW_Coe: W <SEP>  R CtrlPo W <SEP>  R Fence.rw.rw W <SEP> 
Coe_Fence.rw.wdWR_Fre_Rfe_DpCtrldW: W Fence.rw.w R <SEP>  W <SEP>  R CtrlPo W <SEP> 
Rfe_DpDatadW_Rfe_Fence.rw.rwdRW_Coe_Fence.rw.wdWW: R DataPo W <SEP>  R Fence.rw.rw W <SEP>  W Fence.rw.w W <SEP> 
Rfe_PodRR_Fre_PodWW_Rfe_DpAddrdW: R Po R <SEP>  W Po W <SEP>  R AddrPo W <SEP> 
Rfe_DpCtrlFenceIdW_Wse_PodWR_Fre_PodWW: R Fi W <SEP>  W Po R <SEP>  W Po W <SEP> 
Rfe_Fence.r.rwdRW_Coe_Fence.rw.wdWR_Fre_Fence.rw.rwdWW: R Fence.r.rw W <SEP>  W Fence.rw.w R <SEP>  W Fence.rw.rw W <SEP> 
Rfe_PodRW_Rfe_DpCtrldW_Rfe_PodRW: R Po W <SEP>  R CtrlPo W <SEP>  R Po W <SEP> 
Fre_PodWW_Wse_PodWR_FrLeave_RfBack: W Po W <SEP>  W Po R PoLoc R <SEP>  W <SEP> 
CoeARAR_PodWWARAR_RfeARAR_PodRWARAR: W Po W <SEP>  R Po W <SEP> 
Rfe_DpCtrldW_Wse_PodWW_Wse_PodWW: R CtrlPo W <SEP>  W Po W <SEP>  W Po W <SEP> 
Rfe_PodRR_Fre_PodWW_RfLeave_FrBack: R Po R <SEP>  W Po W PoLoc W <SEP>  R <SEP> 
Rfe_PodRW_Rfe_DpAddrsR_Fre_PodWW: R Po W <SEP>  R AddrPoLoc R <SEP>  W Po W <SEP> 
Coe_Fence.r.rwdWR_Fre_Fence.rw.wdWW: W Fence.r.rw R <SEP>  W Fence.rw.w W <SEP> 
Coe_Fence.r.rwdWR_Fre_Fence.rw.rwdWW_Wse_Fence.rw.wdWW: W Fence.r.rw R <SEP>  W Fence.rw.rw W <SEP>  W Fence.rw.w W <SEP> 
Coe_Fence.r.rwdWR_Fre_Rfe_DpAddrdR_Fre: W <SEP>  W Fence.r.rw R <SEP>  W <SEP>  R AddrPo R <SEP> 
Coe_Fence.w.wdWW_Rfe_Fence.rw.rwdRW: W Fence.w.w W <SEP>  R Fence.rw.rw W <SEP> 
Rfe_PodRR_Fre_Rfe_PodRW_Wse: W <SEP>  R Po R <SEP>  W <SEP>  R Po W <SEP> 
Coe_Fence.r.rwdWR_Fre_Rfe_Fence.rw.rwdRR_Fre: W <SEP>  W Fence.r.rw R <SEP>  W <SEP>  R Fence.rw.rw R <SEP> 
Coe_Fence.r.rwdWR_Fre_Fence.w.wdWW_Rfe_Fence.rw.wdRW: W Fence.r.rw R <SEP>  W Fence.w.w W <SEP>  R Fence.rw.w W <SEP> 
Rfe_PodRR_Fre_PodWW_Rfe_DpDatadW: R Po R <SEP>  W Po W <SEP>  R DataPo W <SEP> 
Rfe_PodRW_Wse_PodWW_Rfe_DpCtrldW: R Po W <SEP>  W Po W <SEP>  R CtrlPo W <SEP> 
Rfe_PodRR_Fre_Rfe_PodRW: R Po R <SEP>  W <SEP>  R Po W <SEP> 
Rfe_PodRW_Wse_PodWW_RfLeave_FrBack: R Po W <SEP>  W Po W PoLoc W <SEP>  R <SEP> 
Rfe_FrLeave_RfBack_PodRW_Wse_PodWW: W Po W <SEP>  R PoLoc R Po W <SEP>  W <SEP> 
Rfe_FrLeave_PodWR_FrBack_Wse_PodWW: W Po R <SEP>  W Po W <SEP>  R Po W <SEP> 
Rfe_Fence.rw.wdRW_Rfe_Fence.rw.rwdRW_Coe_Fence.rw.rwdWW: R Fence.rw.w W <SEP>  R Fence.rw.rw W <SEP>  W Fence.rw.rw W <SEP> 
Coe_Fence.r.rwdWR_Fre_Fence.rw.rwdWR_Fre: W <SEP>  W Fence.r.rw R <SEP>  W Fence.rw.rw R <SEP> 
Coe_Fence.rw.wdWR_Fre_Fence.rw.wdWW_Rfe_DpDatadW: W Fence.rw.w R <SEP>  W Fence.rw.w W <SEP>  R DataPo W <SEP> 
Rfe_Fence.rw.rwdRW_Coe_Fence.rw.rwdWR_Fre: W <SEP>  R Fence.rw.rw W <SEP>  W Fence.rw.rw R <SEP> 
Coe_Fence.rw.rwdWR_Fre_Fence.rw.rwdWR_Fre_Fence.rw.rwdWW: W Fence.rw.rw R <SEP>  W Fence.rw.rw R <SEP>  W Fence.rw.rw W <SEP> 
Wse_PodWW_Wse_RfLeave_PodRR_FrBack: W Po W <SEP>  W Po W <SEP>  R Po R <SEP> 
Rfe_PodRW_Rfe_FrLeave_RfBack_PodRW: R Po W <SEP>  R PoLoc R Po W <SEP>  W <SEP> 
PodWWPAR_CoeARAR_PodWRARAR_FreARP: W Po W <SEP>  W Po R <SEP> 
Rfe_Fence.r.rwdRW_Coe_Fence.rw.rwdWR_Fre_Fence.w.wdWW: R Fence.r.rw W <SEP>  W Fence.rw.rw R <SEP>  W Fence.w.w W <SEP> 
